This file contains any messages produced by compilers while
running configure, to aid debugging if configure makes a mistake.

It was created by configure, which was
generated by GNU Autoconf 2.59.  Invocation command line was

  $ ./configure 

## --------- ##
## Platform. ##
## --------- ##

hostname = openbsd-box.org
uname -m = i386
uname -r = 4.4
uname -s = OpenBSD
uname -v = INFERNO#0

/usr/bin/uname -p = Intel(R) Celeron(R) D CPU 3.06GHz ("GenuineIntel" 686-class)
/bin/uname -X     = unknown

/bin/arch              = unknown
/usr/bin/arch -k       = OpenBSD.i386
/usr/convex/getsysinfo = unknown
hostinfo               = unknown
/bin/machine           = unknown
/usr/bin/oslevel       = unknown
/bin/universe          = unknown

PATH: /home/andreig/bin
PATH: /home/andreig/bin
PATH: /home/andreig/bin
PATH: /usr/games
PATH: /usr/bin
PATH: /bin
PATH: /usr/sbin
PATH: /sbin
PATH: /usr/X11R6/bin
PATH: /usr/local/bin


## ----------- ##
## Core tests. ##
## ----------- ##

configure:1307: checking for a BSD-compatible install
configure:1362: result: /usr/bin/install -c
configure:1373: checking whether build environment is sane
configure:1416: result: yes
configure:1481: checking for gawk
configure:1510: result: no
configure:1481: checking for mawk
configure:1510: result: no
configure:1481: checking for nawk
configure:1497: found /usr/bin/nawk
configure:1507: result: nawk
configure:1517: checking whether make sets $(MAKE)
configure:1537: result: yes
configure:1720: checking for style of include used by make
configure:1748: result: GNU
configure:1819: checking for gcc
configure:1835: found /usr/bin/gcc
configure:1845: result: gcc
configure:2089: checking for C compiler version
configure:2092: gcc --version </dev/null >&5
gcc (GCC) 3.3.5 (propolice)
Copyright (C) 2003 Free Software Foundation, Inc.
This is free software; see the source for copying conditions.  There is NO
warranty; not even for MERCHANTABILITY or FITNESS FOR A PARTICULAR PURPOSE.

configure:2095: $? = 0
configure:2097: gcc -v </dev/null >&5
Reading specs from /usr/lib/gcc-lib/i386-unknown-openbsd4.4/3.3.5/specs
Configured with: 
Thread model: single
gcc version 3.3.5 (propolice)
configure:2100: $? = 0
configure:2102: gcc -V </dev/null >&5
gcc: `-V' option must have argument
configure:2105: $? = 1
configure:2128: checking for C compiler default output file name
configure:2131: gcc    conftest.c  >&5
configure:2134: $? = 0
configure:2180: result: a.out
configure:2185: checking whether the C compiler works
configure:2191: ./a.out
configure:2194: $? = 0
configure:2211: result: yes
configure:2218: checking whether we are cross compiling
configure:2220: result: no
configure:2223: checking for suffix of executables
configure:2225: gcc -o conftest    conftest.c  >&5
configure:2228: $? = 0
configure:2253: result: 
configure:2259: checking for suffix of object files
configure:2280: gcc -c   conftest.c >&5
configure:2283: $? = 0
configure:2305: result: o
configure:2309: checking whether we are using the GNU C compiler
configure:2333: gcc -c   conftest.c >&5
configure:2339: $? = 0
configure:2343: test -z 
			 || test ! -s conftest.err
configure:2346: $? = 0
configure:2349: test -s conftest.o
configure:2352: $? = 0
configure:2365: result: yes
configure:2371: checking whether gcc accepts -g
configure:2392: gcc -c -g  conftest.c >&5
configure:2398: $? = 0
configure:2402: test -z 
			 || test ! -s conftest.err
configure:2405: $? = 0
configure:2408: test -s conftest.o
configure:2411: $? = 0
configure:2422: result: yes
configure:2439: checking for gcc option to accept ANSI C
configure:2509: gcc  -c -g -O2  conftest.c >&5
configure:2515: $? = 0
configure:2519: test -z 
			 || test ! -s conftest.err
configure:2522: $? = 0
configure:2525: test -s conftest.o
configure:2528: $? = 0
configure:2546: result: none needed
configure:2564: gcc -c -g -O2  conftest.c >&5
conftest.c:2: error: syntax error before "me"
configure:2570: $? = 1
configure: failed program was:
| #ifndef __cplusplus
|   choke me
| #endif
configure:2705: checking dependency style of gcc
configure:2795: result: gcc3
configure:2814: checking for strerror in -lcposix
configure:2844: gcc -o conftest -g -O2   conftest.c -lcposix   >&5
/usr/bin/ld: cannot find -lcposix
collect2: ld returned 1 exit status
configure:2850: $? = 1
configure: failed program was:
| /* confdefs.h.  */
| 
| #define PACKAGE_NAME ""
| #define PACKAGE_TARNAME ""
| #define PACKAGE_VERSION ""
| #define PACKAGE_STRING ""
| #define PACKAGE_BUGREPORT ""
| #define PACKAGE "timer"
| #define VERSION "0.1"
| /* end confdefs.h.  */
| 
| /* Override any gcc2 internal prototype to avoid an error.  */
| #ifdef __cplusplus
| extern "C"
| #endif
| /* We use char because int might match the return type of a gcc2
|    builtin and then its argument prototype would still apply.  */
| char strerror ();
| int
| main ()
| {
| strerror ();
|   ;
|   return 0;
| }
configure:2876: result: no
configure:2930: checking for gcc
configure:2956: result: gcc
configure:3200: checking for C compiler version
configure:3203: gcc --version </dev/null >&5
gcc (GCC) 3.3.5 (propolice)
Copyright (C) 2003 Free Software Foundation, Inc.
This is free software; see the source for copying conditions.  There is NO
warranty; not even for MERCHANTABILITY or FITNESS FOR A PARTICULAR PURPOSE.

configure:3206: $? = 0
configure:3208: gcc -v </dev/null >&5
Reading specs from /usr/lib/gcc-lib/i386-unknown-openbsd4.4/3.3.5/specs
Configured with: 
Thread model: single
gcc version 3.3.5 (propolice)
configure:3211: $? = 0
configure:3213: gcc -V </dev/null >&5
gcc: `-V' option must have argument
configure:3216: $? = 1
configure:3219: checking whether we are using the GNU C compiler
configure:3275: result: yes
configure:3281: checking whether gcc accepts -g
configure:3332: result: yes
configure:3349: checking for gcc option to accept ANSI C
configure:3456: result: none needed
configure:3474: gcc -c -g -O2  conftest.c >&5
conftest.c:2: error: syntax error before "me"
configure:3480: $? = 1
configure: failed program was:
| #ifndef __cplusplus
|   choke me
| #endif
configure:3615: checking dependency style of gcc
configure:3705: result: gcc3
configure:3768: checking for gcc
configure:3794: result: gcc
configure:4038: checking for C compiler version
configure:4041: gcc --version </dev/null >&5
gcc (GCC) 3.3.5 (propolice)
Copyright (C) 2003 Free Software Foundation, Inc.
This is free software; see the source for copying conditions.  There is NO
warranty; not even for MERCHANTABILITY or FITNESS FOR A PARTICULAR PURPOSE.

configure:4044: $? = 0
configure:4046: gcc -v </dev/null >&5
Reading specs from /usr/lib/gcc-lib/i386-unknown-openbsd4.4/3.3.5/specs
Configured with: 
Thread model: single
gcc version 3.3.5 (propolice)
configure:4049: $? = 0
configure:4051: gcc -V </dev/null >&5
gcc: `-V' option must have argument
configure:4054: $? = 1
configure:4057: checking whether we are using the GNU C compiler
configure:4113: result: yes
configure:4119: checking whether gcc accepts -g
configure:4170: result: yes
configure:4187: checking for gcc option to accept ANSI C
configure:4294: result: none needed
configure:4312: gcc -c -g -O2  conftest.c >&5
conftest.c:2: error: syntax error before "me"
configure:4318: $? = 1
configure: failed program was:
| #ifndef __cplusplus
|   choke me
| #endif
configure:4453: checking dependency style of gcc
configure:4543: result: gcc3
configure:4568: checking how to run the C preprocessor
configure:4603: gcc -E  conftest.c
configure:4609: $? = 0
configure:4641: gcc -E  conftest.c
conftest.c:11:28: ac_nonexistent.h: No such file or directory
configure:4647: $? = 1
configure: failed program was:
| /* confdefs.h.  */
| 
| #define PACKAGE_NAME ""
| #define PACKAGE_TARNAME ""
| #define PACKAGE_VERSION ""
| #define PACKAGE_STRING ""
| #define PACKAGE_BUGREPORT ""
| #define PACKAGE "timer"
| #define VERSION "0.1"
| /* end confdefs.h.  */
| #include <ac_nonexistent.h>
configure:4686: result: gcc -E
configure:4710: gcc -E  conftest.c
configure:4716: $? = 0
configure:4748: gcc -E  conftest.c
conftest.c:11:28: ac_nonexistent.h: No such file or directory
configure:4754: $? = 1
configure: failed program was:
| /* confdefs.h.  */
| 
| #define PACKAGE_NAME ""
| #define PACKAGE_TARNAME ""
| #define PACKAGE_VERSION ""
| #define PACKAGE_STRING ""
| #define PACKAGE_BUGREPORT ""
| #define PACKAGE "timer"
| #define VERSION "0.1"
| /* end confdefs.h.  */
| #include <ac_nonexistent.h>
configure:4798: checking for egrep
configure:4808: result: grep -E
configure:4813: checking for ANSI C header files
configure:4838: gcc -c -g -O2  conftest.c >&5
configure:4844: $? = 0
configure:4848: test -z 
			 || test ! -s conftest.err
configure:4851: $? = 0
configure:4854: test -s conftest.o
configure:4857: $? = 0
configure:4946: gcc -o conftest -g -O2   conftest.c  >&5
configure:4949: $? = 0
configure:4951: ./conftest
configure:4954: $? = 0
configure:4969: result: yes
configure:5028: checking for gtk-config
configure:5046: found /usr/local/bin/gtk-config
configure:5059: result: /usr/local/bin/gtk-config
configure:5067: checking for GTK - version >= 1.2.0
configure:5173: gcc -o conftest -g -O2 -I/usr/local/include/gtk-1.2 -I/usr/local/include/glib-1.2 -I/usr/X11R6/include   conftest.c -L/usr/local/lib -L/usr/X11R6/lib -lgtk -lgdk -Wl,-E -lgmodule -lglib -lintl -liconv -lXi -lXext -lX11 -lm  >&5
/usr/local/lib/libglib.so.1.2: warning: vsprintf() is often misused, please use vsnprintf()
/usr/local/lib/libgtk.so.3.0: warning: strcpy() is almost always misused, please use strlcpy()
/usr/local/lib/libgtk.so.3.0: warning: sprintf() is often misused, please use snprintf()
/usr/local/lib/libgtk.so.3.0: warning: strcat() is almost always misused, please use strlcat()
configure:5176: $? = 0
configure:5178: ./conftest
configure:5181: $? = 0
configure:5199: result: yes
configure:5453: creating ./config.status

## ---------------------- ##
## Running config.status. ##
## ---------------------- ##

This file was extended by config.status, which was
generated by GNU Autoconf 2.59.  Invocation command line was

  CONFIG_FILES    = 
  CONFIG_HEADERS  = 
  CONFIG_LINKS    = 
  CONFIG_COMMANDS = 
  $ ./config.status 

on openbsd-box.org

config.status:693: creating Makefile
config.status:693: creating src/Makefile
config.status:797: creating config.h
config.status:1069: executing depfiles commands

## ---------------- ##
## Cache variables. ##
## ---------------- ##

ac_cv_c_compiler_gnu=yes
ac_cv_env_CC_set=
ac_cv_env_CC_value=
ac_cv_env_CFLAGS_set=
ac_cv_env_CFLAGS_value=
ac_cv_env_CPPFLAGS_set=
ac_cv_env_CPPFLAGS_value=
ac_cv_env_CPP_set=
ac_cv_env_CPP_value=
ac_cv_env_LDFLAGS_set=
ac_cv_env_LDFLAGS_value=
ac_cv_env_build_alias_set=
ac_cv_env_build_alias_value=
ac_cv_env_host_alias_set=
ac_cv_env_host_alias_value=
ac_cv_env_target_alias_set=
ac_cv_env_target_alias_value=
ac_cv_exeext=
ac_cv_header_stdc=yes
ac_cv_lib_cposix_strerror=no
ac_cv_objext=o
ac_cv_path_GTK_CONFIG=/usr/local/bin/gtk-config
ac_cv_path_install='/usr/bin/install -c'
ac_cv_prog_AWK=nawk
ac_cv_prog_CPP='gcc -E'
ac_cv_prog_ac_ct_CC=gcc
ac_cv_prog_cc_g=yes
ac_cv_prog_cc_stdc=
ac_cv_prog_egrep='grep -E'
ac_cv_prog_make_make_set=yes
am_cv_CC_dependencies_compiler_type=gcc3
am_cv_prog_cc_stdc=

## ----------------- ##
## Output variables. ##
## ----------------- ##

ACLOCAL='${SHELL} /home/andreig/Projects/timer.work/missing --run aclocal-1.9'
AMDEPBACKSLASH='\'
AMDEP_FALSE='#'
AMDEP_TRUE=''
AMTAR='${SHELL} /home/andreig/Projects/timer.work/missing --run tar'
AUTOCONF='${SHELL} /home/andreig/Projects/timer.work/missing --run autoconf'
AUTOHEADER='${SHELL} /home/andreig/Projects/timer.work/missing --run autoheader'
AUTOMAKE='${SHELL} /home/andreig/Projects/timer.work/missing --run automake-1.9'
AWK='nawk'
CC='gcc'
CCDEPMODE='depmode=gcc3'
CFLAGS='-g -O2 -Wall'
CPP='gcc -E'
CPPFLAGS=''
CYGPATH_W='echo'
DEFS='-DHAVE_CONFIG_H'
DEPDIR='.deps'
ECHO_C=''ECHO_N=''
ECHO_T=''
EGREP='grep -E'
EXEEXT=''
GTK_CFLAGS='-I/usr/local/include/gtk-1.2 -I/usr/local/include/glib-1.2 -I/usr/X11R6/include'
GTK_CONFIG='/usr/local/bin/gtk-config'
GTK_LIBS='-L/usr/local/lib -L/usr/X11R6/lib -lgtk -lgdk -Wl,-E -lgmodule -lglib -lintl -liconv -lXi -lXext -lX11 -lm'
INSTALL_DATA='${INSTALL} -m 644'
INSTALL_PROGRAM='${INSTALL}'
INSTALL_SCRIPT='${INSTALL}'
INSTALL_STRIP_PROGRAM='${SHELL} $(install_sh) -c -s'
LDFLAGS=''
LIBOBJS=''
LIBS=''
LTLIBOBJS=''
MAKEINFO='${SHELL} /home/andreig/Projects/timer.work/missing --run makeinfo'
OBJEXT='o'
PACKAGE='timer'
PACKAGE_BUGREPORT=''
PACKAGE_NAME=''
PACKAGE_STRING=''
PACKAGE_TARNAME=''
PACKAGE_VERSION=''
PATH_SEPARATOR=':'
SET_MAKE=''
SHELL='/bin/sh'
STRIP=''
VERSION='0.1'
ac_ct_CC='gcc'
ac_ct_STRIP=''
am__fastdepCC_FALSE='#'
am__fastdepCC_TRUE=''
am__include='include'
am__leading_dot='.'
am__quote=''
am__tar='${AMTAR} chof - "$$tardir"'
am__untar='${AMTAR} xf -'
bindir='${exec_prefix}/bin'
build_alias=''
datadir='${prefix}/share'
exec_prefix='${prefix}'
host_alias=''
includedir='${prefix}/include'
infodir='${prefix}/info'
install_sh='/home/andreig/Projects/timer.work/install-sh'
libdir='${exec_prefix}/lib'
libexecdir='${exec_prefix}/libexec'
localstatedir='${prefix}/var'
mandir='${prefix}/man'
mkdir_p='$(install_sh) -d'
oldincludedir='/usr/include'
prefix='/usr/local'
program_transform_name='s,x,x,'
sbindir='${exec_prefix}/sbin'
sharedstatedir='${prefix}/com'
sysconfdir='${prefix}/etc'
target_alias=''

## ----------- ##
## confdefs.h. ##
## ----------- ##

#define PACKAGE "timer"
#define PACKAGE_BUGREPORT ""
#define PACKAGE_DATA_DIR "/usr/local/share/timer"
#define PACKAGE_NAME ""
#define PACKAGE_SOURCE_DIR "/home/andreig/Projects/timer.work"
#define PACKAGE_STRING ""
#define PACKAGE_TARNAME ""
#define PACKAGE_VERSION ""
#define STDC_HEADERS 1
#define VERSION "0.1"

configure: exit 0
