This file contains any messages produced by compilers while
running configure, to aid debugging if configure makes a mistake.

It was created by configure, which was
generated by GNU Autoconf 2.59.  Invocation command line was

  $ ./configure 

## --------- ##
## Platform. ##
## --------- ##

hostname = openbsd-box.org
uname -m = i386
uname -r = 4.1
uname -s = OpenBSD
uname -v = INFERNO#1

/usr/bin/uname -p = AMD Sempron(tm) 2800+ ("AuthenticAMD" 686-class, 256KB L2 cache)
/bin/uname -X     = unknown

/bin/arch              = unknown
/usr/bin/arch -k       = OpenBSD.i386
/usr/convex/getsysinfo = unknown
hostinfo               = unknown
/bin/machine           = unknown
/usr/bin/oslevel       = unknown
/bin/universe          = unknown

PATH: /sbin
PATH: /bin
PATH: /usr/sbin
PATH: /usr/bin
PATH: /usr/games
PATH: /usr/local/bin
PATH: /usr/local/sbin
PATH: /usr/X11R6/bin
PATH: /home/andreig/bin
PATH: /usr/local/jdk1.4.1-linux/bin/


## ----------- ##
## Core tests. ##
## ----------- ##

configure:1286: error: cannot find install-sh or install.sh in . ./.. ./../..

## ---------------- ##
## Cache variables. ##
## ---------------- ##

ac_cv_env_CC_set=
ac_cv_env_CC_value=
ac_cv_env_CFLAGS_set=
ac_cv_env_CFLAGS_value=
ac_cv_env_CPPFLAGS_set=
ac_cv_env_CPPFLAGS_value=
ac_cv_env_CPP_set=
ac_cv_env_CPP_value=
ac_cv_env_LDFLAGS_set=
ac_cv_env_LDFLAGS_value=
ac_cv_env_build_alias_set=
ac_cv_env_build_alias_value=
ac_cv_env_host_alias_set=
ac_cv_env_host_alias_value=
ac_cv_env_target_alias_set=
ac_cv_env_target_alias_value=

## ----------------- ##
## Output variables. ##
## ----------------- ##

ACLOCAL=''
AMDEPBACKSLASH=''
AMDEP_FALSE=''
AMDEP_TRUE=''
AMTAR=''
AUTOCONF=''
AUTOHEADER=''
AUTOMAKE=''
AWK=''
CC=''
CCDEPMODE=''
CFLAGS=''
CPP=''
CPPFLAGS=''
CYGPATH_W=''
DEFS=''
DEPDIR=''
ECHO_C=''ECHO_N=''
ECHO_T=''
EGREP=''
EXEEXT=''
GTK_CFLAGS=''
GTK_CONFIG=''
GTK_LIBS=''
INSTALL_DATA=''
INSTALL_PROGRAM=''
INSTALL_SCRIPT=''
INSTALL_STRIP_PROGRAM=''
LDFLAGS=''
LIBOBJS=''
LIBS=''
LTLIBOBJS=''
MAKEINFO=''
OBJEXT=''
PACKAGE=''
PACKAGE_BUGREPORT=''
PACKAGE_NAME=''
PACKAGE_STRING=''
PACKAGE_TARNAME=''
PACKAGE_VERSION=''
PATH_SEPARATOR=':'
SET_MAKE=''
SHELL='/bin/sh'
STRIP=''
VERSION=''
ac_ct_CC=''
ac_ct_STRIP=''
am__fastdepCC_FALSE=''
am__fastdepCC_TRUE=''
am__include=''
am__leading_dot=''
am__quote=''
am__tar=''
am__untar=''
bindir='${exec_prefix}/bin'
build_alias=''
datadir='${prefix}/share'
exec_prefix='NONE'
host_alias=''
includedir='${prefix}/include'
infodir='${prefix}/info'
install_sh=''
libdir='${exec_prefix}/lib'
libexecdir='${exec_prefix}/libexec'
localstatedir='${prefix}/var'
mandir='${prefix}/man'
mkdir_p=''
oldincludedir='/usr/include'
prefix='NONE'
program_transform_name='s,x,x,'
sbindir='${exec_prefix}/sbin'
sharedstatedir='${prefix}/com'
sysconfdir='${prefix}/etc'
target_alias=''

## ----------- ##
## confdefs.h. ##
## ----------- ##

#define PACKAGE_BUGREPORT ""
#define PACKAGE_NAME ""
#define PACKAGE_STRING ""
#define PACKAGE_TARNAME ""
#define PACKAGE_VERSION ""

configure: exit 1
